mode: set
github.com/zerpto/ponodo/mocks/mock_app_contract.go:37.67,41.2 3 0
github.com/zerpto/ponodo/mocks/mock_app_contract.go:44.65,46.2 1 0
github.com/zerpto/ponodo/mocks/mock_app_contract.go:49.99,52.2 2 0
github.com/zerpto/ponodo/mocks/mock_app_contract.go:55.74,58.2 2 0
github.com/zerpto/ponodo/mocks/mock_app_contract.go:61.60,66.2 4 0
github.com/zerpto/ponodo/mocks/mock_app_contract.go:69.71,72.2 2 0
github.com/zerpto/ponodo/mocks/mock_app_contract.go:75.44,80.2 4 0
github.com/zerpto/ponodo/mocks/mock_app_contract.go:83.61,86.2 2 0
github.com/zerpto/ponodo/mocks/mock_app_contract.go:89.48,94.2 4 0
github.com/zerpto/ponodo/mocks/mock_app_contract.go:97.62,100.2 2 0
github.com/zerpto/ponodo/mocks/mock_app_contract.go:103.62,108.2 4 0
github.com/zerpto/ponodo/mocks/mock_app_contract.go:111.68,114.2 2 0
github.com/zerpto/ponodo/mocks/mock_app_contract.go:117.33,120.2 2 0
github.com/zerpto/ponodo/mocks/mock_app_contract.go:123.59,126.2 2 0
github.com/zerpto/ponodo/mocks/mock_app_contract.go:129.64,132.2 2 0
github.com/zerpto/ponodo/mocks/mock_app_contract.go:135.79,138.2 2 0
github.com/zerpto/ponodo/mocks/mock_app_contract.go:141.52,144.2 2 0
github.com/zerpto/ponodo/mocks/mock_app_contract.go:147.70,150.2 2 0
github.com/zerpto/ponodo/mocks/mock_app_contract.go:153.66,156.2 2 0
github.com/zerpto/ponodo/mocks/mock_app_contract.go:159.76,162.2 2 0
github.com/zerpto/ponodo/mocks/mock_app_contract.go:165.51,168.2 2 0
github.com/zerpto/ponodo/mocks/mock_app_contract.go:171.77,174.2 2 0
github.com/zerpto/ponodo/mocks/mock_command_contract.go:32.75,36.2 3 0
github.com/zerpto/ponodo/mocks/mock_command_contract.go:39.73,41.2 1 0
github.com/zerpto/ponodo/mocks/mock_command_contract.go:44.48,49.2 4 0
github.com/zerpto/ponodo/mocks/mock_command_contract.go:52.67,55.2 2 0
github.com/zerpto/ponodo/mocks/mock_command_contract.go:58.45,63.2 4 0
github.com/zerpto/ponodo/mocks/mock_command_contract.go:66.64,69.2 2 0
github.com/zerpto/ponodo/mocks/mock_command_contract.go:72.70,75.2 2 0
github.com/zerpto/ponodo/mocks/mock_command_contract.go:78.76,81.2 2 0
github.com/zerpto/ponodo/mocks/mock_command_contract.go:84.46,89.2 4 0
github.com/zerpto/ponodo/mocks/mock_command_contract.go:92.65,95.2 2 0
github.com/zerpto/ponodo/mocks/mock_command_contract.go:98.44,103.2 4 0
github.com/zerpto/ponodo/mocks/mock_command_contract.go:106.63,109.2 2 0
github.com/zerpto/ponodo/mocks/mock_config_contract.go:32.77,36.2 3 0
github.com/zerpto/ponodo/mocks/mock_config_contract.go:39.75,41.2 1 0
github.com/zerpto/ponodo/mocks/mock_config_contract.go:44.53,49.2 4 0
github.com/zerpto/ponodo/mocks/mock_config_contract.go:52.72,55.2 2 0
github.com/zerpto/ponodo/mocks/mock_config_contract.go:58.49,63.2 4 0
github.com/zerpto/ponodo/mocks/mock_config_contract.go:66.68,69.2 2 0
github.com/zerpto/ponodo/mocks/mock_config_contract.go:72.53,77.2 4 0
github.com/zerpto/ponodo/mocks/mock_config_contract.go:80.72,83.2 2 0
github.com/zerpto/ponodo/mocks/mock_config_contract.go:86.49,91.2 4 0
github.com/zerpto/ponodo/mocks/mock_config_contract.go:94.68,97.2 2 0
github.com/zerpto/ponodo/mocks/mock_config_contract.go:100.49,105.2 4 0
github.com/zerpto/ponodo/mocks/mock_config_contract.go:108.68,111.2 2 0
github.com/zerpto/ponodo/mocks/mock_config_contract.go:126.73,130.2 3 0
github.com/zerpto/ponodo/mocks/mock_config_contract.go:133.71,135.2 1 0
github.com/zerpto/ponodo/mocks/mock_config_contract.go:138.46,143.2 4 0
github.com/zerpto/ponodo/mocks/mock_config_contract.go:146.65,149.2 2 0
github.com/zerpto/ponodo/mocks/mock_config_contract.go:152.65,157.2 4 0
github.com/zerpto/ponodo/mocks/mock_config_contract.go:160.64,163.2 2 0
github.com/zerpto/ponodo/mocks/mock_config_contract.go:166.46,171.2 4 0
github.com/zerpto/ponodo/mocks/mock_config_contract.go:174.67,177.2 2 0
github.com/zerpto/ponodo/mocks/mock_config_contract.go:180.46,185.2 4 0
github.com/zerpto/ponodo/mocks/mock_config_contract.go:188.65,191.2 2 0
github.com/zerpto/ponodo/cli/cli.go:24.23,26.42 2 0
github.com/zerpto/ponodo/cli/cli.go:26.42,28.17 2 0
github.com/zerpto/ponodo/cli/cli.go:28.17,30.4 1 0
github.com/zerpto/ponodo/cli/cli.go:31.3,31.13 1 0
github.com/zerpto/ponodo/cli/cli.go:38.52,40.2 1 1
github.com/zerpto/ponodo/cli/cli.go:45.92,55.50 3 1
github.com/zerpto/ponodo/cli/cli.go:55.50,57.4 1 0
github.com/zerpto/ponodo/cli/cli.go:64.45,76.2 5 1
github.com/zerpto/ponodo/cli/handlers/http.go:33.38,35.2 1 1
github.com/zerpto/ponodo/cli/handlers/http.go:40.37,42.2 1 1
github.com/zerpto/ponodo/cli/handlers/http.go:47.40,49.2 1 1
github.com/zerpto/ponodo/cli/handlers/http.go:54.62,60.20 4 0
github.com/zerpto/ponodo/cli/handlers/http.go:60.20,62.3 1 0
github.com/zerpto/ponodo/cli/handlers/http.go:62.8,64.3 1 0
github.com/zerpto/ponodo/cli/handlers/http.go:66.2,69.28 3 0
github.com/zerpto/ponodo/cli/handlers/http.go:69.28,71.3 1 0
github.com/zerpto/ponodo/cli/handlers/http.go:74.2,84.12 4 0
github.com/zerpto/ponodo/cli/handlers/http.go:84.12,85.87 1 0
github.com/zerpto/ponodo/cli/handlers/http.go:85.87,87.4 1 0
github.com/zerpto/ponodo/cli/handlers/http.go:91.2,101.42 6 0
github.com/zerpto/ponodo/cli/handlers/http.go:101.42,103.3 1 0
github.com/zerpto/ponodo/cli/handlers/http.go:105.2,105.34 1 0
github.com/zerpto/ponodo/cli/handlers/http.go:111.36,113.2 1 1
github.com/zerpto/ponodo/cli/handlers/http.go:118.120,123.2 1 1
github.com/zerpto/ponodo/config/loader.go:18.54,21.16 3 1
github.com/zerpto/ponodo/config/loader.go:21.16,23.3 1 1
github.com/zerpto/ponodo/config/loader.go:24.2,28.12 4 0
github.com/zerpto/ponodo/config/loader.go:47.35,50.16 3 1
github.com/zerpto/ponodo/config/loader.go:50.16,52.3 1 1
github.com/zerpto/ponodo/config/loader.go:53.2,53.21 1 0
github.com/zerpto/ponodo/app.go:31.56,33.2 1 1
github.com/zerpto/ponodo/app.go:38.60,40.2 1 1
github.com/zerpto/ponodo/app.go:45.52,47.2 1 1
github.com/zerpto/ponodo/app.go:52.34,54.2 1 1
github.com/zerpto/ponodo/app.go:59.38,61.2 1 1
github.com/zerpto/ponodo/app.go:66.44,68.2 1 1
github.com/zerpto/ponodo/app.go:73.41,78.2 2 0
github.com/zerpto/ponodo/app.go:83.92,93.50 3 1
github.com/zerpto/ponodo/app.go:93.50,95.4 1 0
github.com/zerpto/ponodo/app.go:102.23,106.2 2 0
github.com/zerpto/ponodo/app.go:111.50,113.2 1 1
github.com/zerpto/ponodo/app.go:127.44,129.2 0 0
github.com/zerpto/ponodo/app.go:131.31,133.2 1 0
github.com/zerpto/ponodo/app.go:135.30,146.2 9 0
github.com/zerpto/ponodo/app.go:151.37,153.2 1 1
github.com/zerpto/ponodo/db.go:13.76,14.16 1 0
github.com/zerpto/ponodo/db.go:14.16,16.3 1 0
github.com/zerpto/ponodo/db.go:18.2,19.16 2 0
github.com/zerpto/ponodo/db.go:19.16,20.13 1 0
github.com/zerpto/ponodo/db.go:22.2,22.11 1 0
github.com/zerpto/ponodo/logger.go:14.26,18.2 2 1
github.com/zerpto/ponodo/utils/string.go:11.37,13.15 1 1
github.com/zerpto/ponodo/utils/string.go:13.15,15.3 1 1
github.com/zerpto/ponodo/utils/string.go:18.2,22.31 3 1
github.com/zerpto/ponodo/validation/message.go:46.60,53.13 5 1
github.com/zerpto/ponodo/validation/message.go:53.13,56.3 1 1
github.com/zerpto/ponodo/validation/message.go:59.2,59.17 1 1
github.com/zerpto/ponodo/validation/message.go:59.17,61.3 1 1
github.com/zerpto/ponodo/validation/message.go:63.2,63.24 1 1
github.com/zerpto/ponodo/response/base.go:48.63,49.21 1 1
github.com/zerpto/ponodo/response/base.go:49.21,51.3 1 1
github.com/zerpto/ponodo/response/base.go:52.2,61.13 4 1
github.com/zerpto/ponodo/response/base.go:68.58,69.21 1 1
github.com/zerpto/ponodo/response/base.go:69.21,71.3 1 1
github.com/zerpto/ponodo/response/base.go:73.2,76.40 3 1
github.com/zerpto/ponodo/response/base.go:76.40,80.52 2 1
github.com/zerpto/ponodo/response/base.go:80.52,84.4 3 1
github.com/zerpto/ponodo/response/base.go:85.3,85.38 1 1
github.com/zerpto/ponodo/response/base.go:87.8,93.3 1 1
github.com/zerpto/ponodo/response/base.go:95.2,99.13 2 1
github.com/zerpto/ponodo/response/code.go:12.42,14.2 1 1
github.com/zerpto/ponodo/response/code.go:19.47,21.2 1 1
github.com/zerpto/ponodo/response/code.go:26.34,28.2 1 1
github.com/zerpto/ponodo/response/code.go:33.47,35.2 1 1
github.com/zerpto/ponodo/response/code.go:40.49,42.2 1 1
github.com/zerpto/ponodo/response/code.go:47.46,49.2 1 1
github.com/zerpto/ponodo/response/code.go:54.45,56.2 1 1
github.com/zerpto/ponodo/response/code.go:61.53,63.2 1 1
github.com/zerpto/ponodo/response/code.go:68.56,70.2 1 1
github.com/zerpto/ponodo/response/code.go:75.47,77.2 1 1
github.com/zerpto/ponodo/response/code.go:82.55,84.2 1 1
